[2025-09-10 15:21:43.212537 -04:00] INFO [docubot::logg] src/logg.rs:18: Logging started
[2025-09-10 15:21:46.889283 -04:00] INFO [cached_path::cache] /Users/gabrieltower/.cargo/registry/src/index.crates.io-1949cf8c6b5b557f/cached-path-0.6.2/src/cache.rs:417: Cached version of https://huggingface.co/sentence-transformers/all-MiniLM-L12-v2/resolve/main/tokenizer_config.json is up-to-date
[2025-09-10 15:21:46.934127 -04:00] INFO [cached_path::cache] /Users/gabrieltower/.cargo/registry/src/index.crates.io-1949cf8c6b5b557f/cached-path-0.6.2/src/cache.rs:417: Cached version of https://huggingface.co/sentence-transformers/all-MiniLM-L12-v2/resolve/main/sentence_bert_config.json is up-to-date
[2025-09-10 15:21:46.976578 -04:00] INFO [cached_path::cache] /Users/gabrieltower/.cargo/registry/src/index.crates.io-1949cf8c6b5b557f/cached-path-0.6.2/src/cache.rs:417: Cached version of https://huggingface.co/sentence-transformers/all-MiniLM-L12-v2/resolve/main/vocab.txt is up-to-date
[2025-09-10 15:21:47.079818 -04:00] INFO [cached_path::cache] /Users/gabrieltower/.cargo/registry/src/index.crates.io-1949cf8c6b5b557f/cached-path-0.6.2/src/cache.rs:417: Cached version of https://huggingface.co/sentence-transformers/all-MiniLM-L12-v2/resolve/main/modules.json is up-to-date
[2025-09-10 15:21:47.122494 -04:00] INFO [cached_path::cache] /Users/gabrieltower/.cargo/registry/src/index.crates.io-1949cf8c6b5b557f/cached-path-0.6.2/src/cache.rs:417: Cached version of https://huggingface.co/sentence-transformers/all-MiniLM-L12-v2/resolve/main/sentence_bert_config.json is up-to-date
[2025-09-10 15:21:47.166702 -04:00] INFO [cached_path::cache] /Users/gabrieltower/.cargo/registry/src/index.crates.io-1949cf8c6b5b557f/cached-path-0.6.2/src/cache.rs:417: Cached version of https://huggingface.co/sentence-transformers/all-MiniLM-L12-v2/resolve/main/config.json is up-to-date
[2025-09-10 15:21:50.818016 -04:00] INFO [cached_path::cache] /Users/gabrieltower/.cargo/registry/src/index.crates.io-1949cf8c6b5b557f/cached-path-0.6.2/src/cache.rs:417: Cached version of https://huggingface.co/sentence-transformers/all-MiniLM-L12-v2/resolve/main/rust_model.ot is up-to-date
[2025-09-10 15:21:50.970866 -04:00] INFO [cached_path::cache] /Users/gabrieltower/.cargo/registry/src/index.crates.io-1949cf8c6b5b557f/cached-path-0.6.2/src/cache.rs:417: Cached version of https://huggingface.co/sentence-transformers/all-MiniLM-L12-v2/resolve/main/1_Pooling/config.json is up-to-date
[2025-09-10 15:21:50.971267 -04:00] INFO [docubot::logg] src/logg.rs:18: Loading embeddings from found file
[2025-09-10 15:21:51.008023 -04:00] INFO [docubot::logg] src/logg.rs:18: Embeddings loaded successfully
[2025-09-10 15:21:51.008035 -04:00] WARN [docubot::logg] src/logg.rs:26: Running BIT tests
[2025-09-10 15:21:51.022785 -04:00] WARN [docubot::logg] src/logg.rs:26: BIT tests all PASSED
[2025-09-10 15:21:51.022839 -04:00] WARN [docubot::logg] src/logg.rs:26: Entering maine
[2025-09-10 15:21:51.023089 -04:00] INFO [docubot::logg] src/logg.rs:18: Server at 0.0.0.0:8080
[2025-09-10 15:21:55.769377 -04:00] INFO [docubot::logg] src/logg.rs:18: Query good, serving
[2025-09-10 15:21:59.212508 -04:00] INFO [docubot::logg] src/logg.rs:18: Query good, serving
[2025-09-10 15:21:59.740254 -04:00] INFO [docubot::logg] src/logg.rs:18: Query good, serving
[2025-09-10 15:21:59.906919 -04:00] INFO [docubot::logg] src/logg.rs:18: Query good, serving
[2025-09-10 15:22:00.083839 -04:00] INFO [docubot::logg] src/logg.rs:18: Query good, serving
[2025-09-10 15:22:00.265624 -04:00] INFO [docubot::logg] src/logg.rs:18: Query good, serving
[2025-09-10 15:22:00.450940 -04:00] INFO [docubot::logg] src/logg.rs:18: Query good, serving
[2025-09-10 15:22:10.132889 -04:00] INFO [docubot::logg] src/logg.rs:18: Query good, serving
