[2025-09-10 15:25:15.055797 -04:00] INFO [docubot::logg] src/logg.rs:18: Logging started
[2025-09-10 15:25:20.613126 -04:00] INFO [cached_path::cache] /Users/gabrieltower/.cargo/registry/src/index.crates.io-1949cf8c6b5b557f/cached-path-0.6.2/src/cache.rs:417: Cached version of https://huggingface.co/sentence-transformers/all-MiniLM-L12-v2/resolve/main/tokenizer_config.json is up-to-date
[2025-09-10 15:25:20.655633 -04:00] INFO [cached_path::cache] /Users/gabrieltower/.cargo/registry/src/index.crates.io-1949cf8c6b5b557f/cached-path-0.6.2/src/cache.rs:417: Cached version of https://huggingface.co/sentence-transformers/all-MiniLM-L12-v2/resolve/main/sentence_bert_config.json is up-to-date
[2025-09-10 15:25:20.748722 -04:00] INFO [cached_path::cache] /Users/gabrieltower/.cargo/registry/src/index.crates.io-1949cf8c6b5b557f/cached-path-0.6.2/src/cache.rs:417: Cached version of https://huggingface.co/sentence-transformers/all-MiniLM-L12-v2/resolve/main/vocab.txt is up-to-date
[2025-09-10 15:25:20.889499 -04:00] INFO [cached_path::cache] /Users/gabrieltower/.cargo/registry/src/index.crates.io-1949cf8c6b5b557f/cached-path-0.6.2/src/cache.rs:417: Cached version of https://huggingface.co/sentence-transformers/all-MiniLM-L12-v2/resolve/main/modules.json is up-to-date
[2025-09-10 15:25:20.931571 -04:00] INFO [cached_path::cache] /Users/gabrieltower/.cargo/registry/src/index.crates.io-1949cf8c6b5b557f/cached-path-0.6.2/src/cache.rs:417: Cached version of https://huggingface.co/sentence-transformers/all-MiniLM-L12-v2/resolve/main/sentence_bert_config.json is up-to-date
[2025-09-10 15:25:20.968639 -04:00] INFO [cached_path::cache] /Users/gabrieltower/.cargo/registry/src/index.crates.io-1949cf8c6b5b557f/cached-path-0.6.2/src/cache.rs:417: Cached version of https://huggingface.co/sentence-transformers/all-MiniLM-L12-v2/resolve/main/config.json is up-to-date
[2025-09-10 15:25:24.911414 -04:00] INFO [cached_path::cache] /Users/gabrieltower/.cargo/registry/src/index.crates.io-1949cf8c6b5b557f/cached-path-0.6.2/src/cache.rs:417: Cached version of https://huggingface.co/sentence-transformers/all-MiniLM-L12-v2/resolve/main/rust_model.ot is up-to-date
[2025-09-10 15:25:25.218051 -04:00] INFO [cached_path::cache] /Users/gabrieltower/.cargo/registry/src/index.crates.io-1949cf8c6b5b557f/cached-path-0.6.2/src/cache.rs:417: Cached version of https://huggingface.co/sentence-transformers/all-MiniLM-L12-v2/resolve/main/1_Pooling/config.json is up-to-date
[2025-09-10 15:25:25.218446 -04:00] INFO [docubot::logg] src/logg.rs:18: Loading embeddings from found file
[2025-09-10 15:25:25.255758 -04:00] INFO [docubot::logg] src/logg.rs:18: Embeddings loaded successfully
[2025-09-10 15:25:25.255789 -04:00] WARN [docubot::logg] src/logg.rs:26: Running BIT tests
[2025-09-10 15:25:25.272132 -04:00] WARN [docubot::logg] src/logg.rs:26: BIT tests all PASSED
[2025-09-10 15:25:25.272189 -04:00] WARN [docubot::logg] src/logg.rs:26: Entering maine
[2025-09-10 15:25:25.272446 -04:00] INFO [docubot::logg] src/logg.rs:18: Server at 0.0.0.0:8080
[2025-09-10 15:25:40.965361 -04:00] ERROR [docubot::logg] src/logg.rs:22: Query is empty
[2025-09-10 15:25:41.030671 -04:00] INFO [docubot::logg] src/logg.rs:18: Query good, serving
[2025-09-10 15:25:42.764334 -04:00] ERROR [docubot::logg] src/logg.rs:22: Query is empty
[2025-09-10 15:25:42.800351 -04:00] INFO [docubot::logg] src/logg.rs:18: Query good, serving
[2025-09-10 15:25:59.226626 -04:00] INFO [docubot::logg] src/logg.rs:18: Query good, serving
